2015-09-02 10:35:55,467 ERROR com.provectus.cardiff.service.impl.TagServiceImpl [qtp1120682507-19] get tag
2015-09-02 10:35:55,468 ERROR com.provectus.cardiff.service.impl.TagServiceImpl [qtp1120682507-19] id=1
2015-09-02 10:35:55,498 ERROR com.provectus.cardiff.service.impl.TagServiceImpl [qtp1120682507-19] get tag
2015-09-02 10:35:55,498 ERROR com.provectus.cardiff.service.impl.TagServiceImpl [qtp1120682507-19] id=1
2015-09-02 12:00:45,185 ERROR com.provectus.cardiff.service.impl.TagServiceImpl [qtp344633656-19] get tag
2015-09-02 12:00:45,186 ERROR com.provectus.cardiff.service.impl.TagServiceImpl [qtp344633656-19] id=1
2015-09-02 12:00:45,216 ERROR com.provectus.cardiff.service.impl.TagServiceImpl [qtp344633656-19] get tag
2015-09-02 12:00:45,216 ERROR com.provectus.cardiff.service.impl.TagServiceImpl [qtp344633656-19] id=1
2015-09-03 14:44:37,460 ERROR com.provectus.cardiff.service.impl.TagServiceImpl [qtp1369885738-27] get tag
2015-09-03 14:44:37,482 ERROR com.provectus.cardiff.service.impl.TagServiceImpl [qtp1369885738-27] id=null
2015-09-03 14:44:37,841 ERROR com.provectus.cardiff.service.impl.TagServiceImpl [qtp1369885738-27] get tag
2015-09-03 14:44:37,845 ERROR com.provectus.cardiff.service.impl.TagServiceImpl [qtp1369885738-27] id=null
2015-09-03 14:44:44,513 ERROR com.provectus.cardiff.service.impl.TagServiceImpl [qtp1369885738-19] get tag
2015-09-03 14:44:44,518 ERROR com.provectus.cardiff.service.impl.TagServiceImpl [qtp1369885738-19] id=1
2015-09-03 14:44:44,838 ERROR com.provectus.cardiff.service.impl.TagServiceImpl [qtp1369885738-19] get tag
2015-09-03 14:44:44,842 ERROR com.provectus.cardiff.service.impl.TagServiceImpl [qtp1369885738-19] id=1
2015-09-30 12:26:34,394 INFO com.provectus.cardiff.service.impl.CardBookingServiceImpl [main] Person with id - 1, try to remove booking with id - 1, without permission.
2015-09-30 12:27:30,726 INFO com.provectus.cardiff.service.impl.CardBookingServiceImpl [main] Person with id - 1, try to remove booking with id - 2, without permission.
2015-09-30 12:28:42,555 INFO com.provectus.cardiff.service.impl.CardBookingServiceImpl [main] Person with id - 1, try to remove booking with id - 2, without permission.
2015-09-30 12:33:10,351 INFO com.provectus.cardiff.service.impl.CardBookingServiceImpl [main] Person (id - 1) delete booking (id - 2)
2015-09-30 12:34:39,035 INFO com.provectus.cardiff.service.impl.CardBookingServiceImpl [main] Person (id - 3) delete booking (id - 2)
2015-09-30 12:45:29,889 INFO com.provectus.cardiff.service.impl.CardBookingServiceImpl [main] Person (id - 2) delete booking (id - 3)
2015-09-30 12:45:29,988 INFO com.provectus.cardiff.service.impl.CardBookingServiceImpl [main] Person (id - 3) delete booking (id - 2)
2015-09-30 12:45:30,081 INFO com.provectus.cardiff.service.impl.CardBookingServiceImpl [main] Person (id - 1) delete booking (id - 2)
2015-09-30 12:46:51,340 INFO com.provectus.cardiff.service.impl.CardBookingServiceImpl [main] Person (id - 2) delete booking (id - 3)
2015-09-30 12:46:51,550 INFO com.provectus.cardiff.service.impl.CardBookingServiceImpl [main] Person (id - 3) delete booking (id - 2)
2015-09-30 12:46:51,661 INFO com.provectus.cardiff.service.impl.CardBookingServiceImpl [main] Person (id - 1) delete booking (id - 2)
2015-09-30 12:48:48,046 INFO com.provectus.cardiff.service.impl.CardBookingServiceImpl [main] Person with id - 1, try to remove booking with id - 3, without permission.
2015-09-30 12:48:48,131 INFO com.provectus.cardiff.service.impl.CardBookingServiceImpl [main] Person (id - 3) delete booking (id - 2)
2015-09-30 12:48:48,223 INFO com.provectus.cardiff.service.impl.CardBookingServiceImpl [main] Person (id - 1) delete booking (id - 2)
2015-09-30 13:10:52,816 INFO com.provectus.cardiff.service.impl.CardBookingServiceImpl [main] Person with id - 1, try to remove booking with id - 3, without permission.
2015-09-30 13:10:52,975 INFO com.provectus.cardiff.service.impl.CardBookingServiceImpl [main] Person (id - 3) delete booking (id - 2)
2015-09-30 13:10:53,360 INFO com.provectus.cardiff.service.impl.CardBookingServiceImpl [main] Person (id - 1) delete booking (id - 2)
2015-09-30 13:12:06,036 INFO com.provectus.cardiff.service.impl.CardBookingServiceImpl [main] Person with id - 1, try to remove booking with id - 3, without permission.
2015-09-30 13:12:06,146 INFO com.provectus.cardiff.service.impl.CardBookingServiceImpl [main] Person (id - 3) delete booking (id - 2)
2015-09-30 13:12:06,214 INFO com.provectus.cardiff.service.impl.CardBookingServiceImpl [main] Person (id - 1) delete booking (id - 2)
2015-09-30 14:09:18,616 INFO com.provectus.cardiff.service.impl.CardBookingServiceImpl [main] Person with id - 1, try to remove booking with id - 3, without permission.
2015-09-30 14:09:18,771 INFO com.provectus.cardiff.service.impl.CardBookingServiceImpl [main] Person (id - 3) delete booking (id - 2)
2015-09-30 14:09:18,910 INFO com.provectus.cardiff.service.impl.CardBookingServiceImpl [main] Person (id - 1) delete booking (id - 2)
2015-09-30 14:11:17,807 INFO com.provectus.cardiff.service.impl.CardBookingServiceImpl [main] Person with id - 1, try to remove booking with id - 3, without permission.
2015-09-30 14:11:17,941 INFO com.provectus.cardiff.service.impl.CardBookingServiceImpl [main] Person (id - 3) delete booking (id - 2)
2015-09-30 14:11:49,820 INFO com.provectus.cardiff.service.impl.CardBookingServiceImpl [main] Person (id - 1) delete booking (id - 2)
2015-09-30 14:15:47,836 INFO com.provectus.cardiff.service.impl.CardBookingServiceImpl [main] Person with id - 1, try to remove booking with id - 3, without permission.
2015-09-30 14:15:47,992 INFO com.provectus.cardiff.service.impl.CardBookingServiceImpl [main] Person (id - 3) delete booking (id - 2)
2015-09-30 14:15:48,152 INFO com.provectus.cardiff.service.impl.CardBookingServiceImpl [main] Person (id - 1) delete booking (id - 2)
2015-09-30 14:25:37,909 INFO com.provectus.cardiff.service.impl.CardBookingServiceImpl [main] Person with id - 1, try to remove booking with id - 3, without permission.
2015-09-30 14:25:38,047 INFO com.provectus.cardiff.service.impl.CardBookingServiceImpl [main] Person (id - 3) delete booking (id - 2)
2015-09-30 14:25:38,291 INFO com.provectus.cardiff.service.impl.CardBookingServiceImpl [main] Person (id - 1) delete booking (id - 2)
2015-09-30 14:25:59,779 INFO com.provectus.cardiff.service.impl.CardBookingServiceImpl [main] Person with id - 1, try to remove booking with id - 3, without permission.
2015-09-30 14:25:59,916 INFO com.provectus.cardiff.service.impl.CardBookingServiceImpl [main] Person (id - 3) delete booking (id - 2)
2015-09-30 14:26:00,121 INFO com.provectus.cardiff.service.impl.CardBookingServiceImpl [main] Person (id - 1) delete booking (id - 2)
2015-09-30 14:34:27,853 INFO com.provectus.cardiff.service.impl.CardBookingServiceImpl [main] Person with id - 1, try to remove booking with id - 3, without permission.
2015-09-30 14:34:27,976 INFO com.provectus.cardiff.service.impl.CardBookingServiceImpl [main] Person (id - 3) delete booking (id - 2)
2015-09-30 14:34:28,188 INFO com.provectus.cardiff.service.impl.CardBookingServiceImpl [main] Person (id - 1) delete booking (id - 2)
2015-09-30 14:35:07,755 INFO com.provectus.cardiff.service.impl.CardBookingServiceImpl [main] Person with id - 1, try to remove booking with id - 3, without permission.
2015-09-30 14:35:07,877 INFO com.provectus.cardiff.service.impl.CardBookingServiceImpl [main] Person (id - 3) delete booking (id - 2)
2015-09-30 14:35:08,050 INFO com.provectus.cardiff.service.impl.CardBookingServiceImpl [main] Person (id - 1) delete booking (id - 2)
2015-09-30 14:42:12,752 INFO com.provectus.cardiff.service.impl.CardBookingServiceImpl [main] Person with id - 1, try to remove booking with id - 3, without permission.
2015-09-30 14:42:12,937 INFO com.provectus.cardiff.service.impl.CardBookingServiceImpl [main] Person (id - 3) delete booking (id - 2)
2015-09-30 14:42:20,326 INFO com.provectus.cardiff.service.impl.CardBookingServiceImpl [main] Person (id - 1) delete booking (id - 2)
2015-09-30 14:51:13,214 INFO com.provectus.cardiff.service.impl.CardBookingServiceImpl [main] Person with id - 1, try to remove booking with id - 3, without permission.
2015-09-30 14:51:13,412 INFO com.provectus.cardiff.service.impl.CardBookingServiceImpl [main] Person (id - 3) delete booking (id - 2)
2015-09-30 14:51:13,625 INFO com.provectus.cardiff.service.impl.CardBookingServiceImpl [main] Person (id - 1) delete booking (id - 2)
2015-09-30 19:21:36,513 INFO com.provectus.cardiff.service.impl.CardBookingServiceImpl [main] Person with id - 1, try to remove booking with id - 3, without permission.
2015-09-30 19:21:36,713 INFO com.provectus.cardiff.service.impl.CardBookingServiceImpl [main] Person (id - 3) delete booking (id - 2)
2015-09-30 19:21:36,910 INFO com.provectus.cardiff.service.impl.CardBookingServiceImpl [main] Person (id - 1) delete booking (id - 2)
2015-10-01 16:50:26,283 INFO com.provectus.cardiff.service.impl.CardBookingServiceImpl [main] Person with id - 1, try to remove booking with id - 3, without permission.
2015-10-01 16:50:26,395 INFO com.provectus.cardiff.service.impl.CardBookingServiceImpl [main] Person (id - 3) delete booking (id - 2)
2015-10-01 16:50:26,534 INFO com.provectus.cardiff.service.impl.CardBookingServiceImpl [main] Person (id - 1) delete booking (id - 2)
2015-10-02 05:45:48,955 INFO com.provectus.cardiff.service.impl.CardBookingServiceImpl [main] Person with id - 1, try to remove booking with id - 3, without permission.
2015-10-02 05:45:49,058 INFO com.provectus.cardiff.service.impl.CardBookingServiceImpl [main] Person (id - 3) delete booking (id - 2)
2015-10-02 05:45:49,196 INFO com.provectus.cardiff.service.impl.CardBookingServiceImpl [main] Person (id - 1) delete booking (id - 2)
2015-10-02 05:49:51,180 INFO com.provectus.cardiff.service.impl.CardBookingServiceImpl [main] Person with id - 1, try to remove booking with id - 3, without permission.
2015-10-02 05:49:51,299 INFO com.provectus.cardiff.service.impl.CardBookingServiceImpl [main] Person (id - 3) delete booking (id - 2)
2015-10-02 05:49:51,452 INFO com.provectus.cardiff.service.impl.CardBookingServiceImpl [main] Person (id - 1) delete booking (id - 2)
2015-10-02 18:49:46,916 INFO com.provectus.cardiff.service.impl.CardBookingServiceImpl [main] Person with id - 1, try to remove booking with id - 3, without permission.
2015-10-02 18:49:47,085 INFO com.provectus.cardiff.service.impl.CardBookingServiceImpl [main] Person (id - 3) delete booking (id - 2)
2015-10-02 18:49:47,350 INFO com.provectus.cardiff.service.impl.CardBookingServiceImpl [main] Person (id - 1) delete booking (id - 2)
2015-10-02 21:12:48,603 INFO com.provectus.cardiff.service.impl.CardBookingServiceImpl [main] Person with id - 1, try to remove booking with id - 3, without permission.
2015-10-02 21:12:48,741 INFO com.provectus.cardiff.service.impl.CardBookingServiceImpl [main] Person (id - 3) delete booking (id - 2)
2015-10-02 21:12:48,906 INFO com.provectus.cardiff.service.impl.CardBookingServiceImpl [main] Person (id - 1) delete booking (id - 2)
2015-10-02 21:12:48,940 INFO com.provectus.cardiff.service.impl.CardBookingServiceImpl [main] Discount card with id - 1, successfully booked by person with id - 2
2015-10-03 17:58:16,416 INFO com.provectus.cardiff.service.impl.CardBookingServiceImpl [main] Person with id - 1, try to remove booking with id - 3, without permission.
2015-10-03 17:58:16,550 INFO com.provectus.cardiff.service.impl.CardBookingServiceImpl [main] Person (id - 3) delete booking (id - 2)
2015-10-03 17:58:16,723 INFO com.provectus.cardiff.service.impl.CardBookingServiceImpl [main] Person (id - 1) delete booking (id - 2)
2015-10-03 17:58:16,761 INFO com.provectus.cardiff.service.impl.CardBookingServiceImpl [main] Discount card with id - 1, successfully booked by person with id - 2
2015-10-03 18:45:20 INFO  LogHelper:46 - HHH000204: Processing PersistenceUnitInfo [
	name: default
	...]
2015-10-03 18:45:21 INFO  Version:54 - HHH000412: Hibernate Core {4.3.11.Final}
2015-10-03 18:45:21 INFO  Environment:239 - HHH000206: hibernate.properties not found
2015-10-03 18:45:21 INFO  Environment:346 - HHH000021: Bytecode provider name : javassist
2015-10-03 18:45:21 INFO  Version:66 - HCANN000001: Hibernate Commons Annotations {4.0.5.Final}
2015-10-03 18:45:22 INFO  Dialect:145 - HHH000400: Using dialect: org.hibernate.dialect.PostgreSQL9Dialect
2015-10-03 18:45:22 INFO  LobCreatorBuilder:123 - HHH000424: Disabling contextual LOB creation as createClob() method threw error : java.lang.reflect.InvocationTargetException
2015-10-03 18:45:22 INFO  ASTQueryTranslatorFactory:47 - HHH000397: Using ASTQueryTranslatorFactory
2015-10-03 18:45:26 INFO  LogHelper:46 - HHH000204: Processing PersistenceUnitInfo [
	name: default
	...]
2015-10-03 18:45:26 INFO  Dialect:145 - HHH000400: Using dialect: org.hibernate.dialect.PostgreSQL9Dialect
2015-10-03 18:45:26 INFO  LobCreatorBuilder:123 - HHH000424: Disabling contextual LOB creation as createClob() method threw error : java.lang.reflect.InvocationTargetException
2015-10-03 18:45:26 INFO  ASTQueryTranslatorFactory:47 - HHH000397: Using ASTQueryTranslatorFactory
2015-10-03 18:45:27 INFO  LogHelper:46 - HHH000204: Processing PersistenceUnitInfo [
	name: default
	...]
2015-10-03 18:45:27 INFO  Dialect:145 - HHH000400: Using dialect: org.hibernate.dialect.PostgreSQL9Dialect
2015-10-03 18:45:27 INFO  LobCreatorBuilder:123 - HHH000424: Disabling contextual LOB creation as createClob() method threw error : java.lang.reflect.InvocationTargetException
2015-10-03 18:45:27 INFO  ASTQueryTranslatorFactory:47 - HHH000397: Using ASTQueryTranslatorFactory
2015-10-03 18:45:28 INFO  LogHelper:46 - HHH000204: Processing PersistenceUnitInfo [
	name: default
	...]
2015-10-03 18:45:29 INFO  Dialect:145 - HHH000400: Using dialect: org.hibernate.dialect.PostgreSQL9Dialect
2015-10-03 18:45:29 INFO  LobCreatorBuilder:123 - HHH000424: Disabling contextual LOB creation as createClob() method threw error : java.lang.reflect.InvocationTargetException
2015-10-03 18:45:29 INFO  ASTQueryTranslatorFactory:47 - HHH000397: Using ASTQueryTranslatorFactory
2015-10-03 18:45:29 WARN  EntityManagerFactoryRegistry:80 - HHH000436: Entity manager factory name (default) is already registered.  If entity manager will be clustered or passivated, specify a unique value for property 'hibernate.ejb.entitymanager_factory_name'
2015-10-03 18:45:30 WARN  CardBookingServiceImpl:72 - Person with id - 1, try to remove booking with id - 3, without permission.
2015-10-03 18:45:30 INFO  CardBookingServiceImpl:78 - Person (id - 3) delete booking (id - 2)
2015-10-03 18:45:30 INFO  CardBookingServiceImpl:78 - Person (id - 1) delete booking (id - 2)
2015-10-03 18:45:30 INFO  CardBookingServiceImpl:55 - Discount card with id - 1, successfully booked by person with id - 2
2015-10-03 19:11:35 INFO  LogHelper:46 - HHH000204: Processing PersistenceUnitInfo [
	name: default
	...]
2015-10-03 19:11:35 INFO  Version:54 - HHH000412: Hibernate Core {4.3.11.Final}
2015-10-03 19:11:35 INFO  Environment:239 - HHH000206: hibernate.properties not found
2015-10-03 19:11:35 INFO  Environment:346 - HHH000021: Bytecode provider name : javassist
2015-10-03 19:11:35 INFO  Version:66 - HCANN000001: Hibernate Commons Annotations {4.0.5.Final}
2015-10-03 19:11:36 INFO  Dialect:145 - HHH000400: Using dialect: org.hibernate.dialect.PostgreSQL9Dialect
2015-10-03 19:11:36 INFO  LobCreatorBuilder:123 - HHH000424: Disabling contextual LOB creation as createClob() method threw error : java.lang.reflect.InvocationTargetException
2015-10-03 19:11:36 INFO  ASTQueryTranslatorFactory:47 - HHH000397: Using ASTQueryTranslatorFactory
2015-10-03 19:11:39 INFO  LogHelper:46 - HHH000204: Processing PersistenceUnitInfo [
	name: default
	...]
2015-10-03 19:11:40 INFO  Dialect:145 - HHH000400: Using dialect: org.hibernate.dialect.PostgreSQL9Dialect
2015-10-03 19:11:40 INFO  LobCreatorBuilder:123 - HHH000424: Disabling contextual LOB creation as createClob() method threw error : java.lang.reflect.InvocationTargetException
2015-10-03 19:11:40 INFO  ASTQueryTranslatorFactory:47 - HHH000397: Using ASTQueryTranslatorFactory
2015-10-03 19:11:41 INFO  LogHelper:46 - HHH000204: Processing PersistenceUnitInfo [
	name: default
	...]
2015-10-03 19:11:41 INFO  Dialect:145 - HHH000400: Using dialect: org.hibernate.dialect.PostgreSQL9Dialect
2015-10-03 19:11:41 INFO  LobCreatorBuilder:123 - HHH000424: Disabling contextual LOB creation as createClob() method threw error : java.lang.reflect.InvocationTargetException
2015-10-03 19:11:41 INFO  ASTQueryTranslatorFactory:47 - HHH000397: Using ASTQueryTranslatorFactory
2015-10-03 19:11:42 INFO  LogHelper:46 - HHH000204: Processing PersistenceUnitInfo [
	name: default
	...]
2015-10-03 19:11:42 INFO  Dialect:145 - HHH000400: Using dialect: org.hibernate.dialect.PostgreSQL9Dialect
2015-10-03 19:11:42 INFO  LobCreatorBuilder:123 - HHH000424: Disabling contextual LOB creation as createClob() method threw error : java.lang.reflect.InvocationTargetException
2015-10-03 19:11:42 INFO  ASTQueryTranslatorFactory:47 - HHH000397: Using ASTQueryTranslatorFactory
2015-10-03 19:11:43 WARN  EntityManagerFactoryRegistry:80 - HHH000436: Entity manager factory name (default) is already registered.  If entity manager will be clustered or passivated, specify a unique value for property 'hibernate.ejb.entitymanager_factory_name'
2015-10-03 19:11:43 WARN  CardBookingServiceImpl:72 - Person with id - 1, try to remove booking with id - 3, without permission.
2015-10-03 19:11:43 INFO  CardBookingServiceImpl:78 - Person (id - 3) delete booking (id - 2)
2015-10-03 19:11:44 INFO  CardBookingServiceImpl:78 - Person (id - 1) delete booking (id - 2)
2015-10-03 19:11:44 INFO  CardBookingServiceImpl:55 - Discount card with id - 1, successfully booked by person with id - 2
2015-10-03 20:29:05 INFO  LogHelper:46 - HHH000204: Processing PersistenceUnitInfo [
	name: default
	...]
2015-10-03 20:29:05 INFO  Version:54 - HHH000412: Hibernate Core {4.3.11.Final}
2015-10-03 20:29:05 INFO  Environment:239 - HHH000206: hibernate.properties not found
2015-10-03 20:29:05 INFO  Environment:346 - HHH000021: Bytecode provider name : javassist
2015-10-03 20:29:05 INFO  Version:66 - HCANN000001: Hibernate Commons Annotations {4.0.5.Final}
2015-10-03 20:29:06 INFO  Dialect:145 - HHH000400: Using dialect: org.hibernate.dialect.PostgreSQL9Dialect
2015-10-03 20:29:06 INFO  LobCreatorBuilder:123 - HHH000424: Disabling contextual LOB creation as createClob() method threw error : java.lang.reflect.InvocationTargetException
2015-10-03 20:29:07 INFO  ASTQueryTranslatorFactory:47 - HHH000397: Using ASTQueryTranslatorFactory
2015-10-03 20:29:12 INFO  LogHelper:46 - HHH000204: Processing PersistenceUnitInfo [
	name: default
	...]
2015-10-03 20:29:12 INFO  Dialect:145 - HHH000400: Using dialect: org.hibernate.dialect.PostgreSQL9Dialect
2015-10-03 20:29:12 INFO  LobCreatorBuilder:123 - HHH000424: Disabling contextual LOB creation as createClob() method threw error : java.lang.reflect.InvocationTargetException
2015-10-03 20:29:12 INFO  ASTQueryTranslatorFactory:47 - HHH000397: Using ASTQueryTranslatorFactory
2015-10-03 20:29:14 INFO  LogHelper:46 - HHH000204: Processing PersistenceUnitInfo [
	name: default
	...]
2015-10-03 20:29:14 INFO  Dialect:145 - HHH000400: Using dialect: org.hibernate.dialect.PostgreSQL9Dialect
2015-10-03 20:29:14 INFO  LobCreatorBuilder:123 - HHH000424: Disabling contextual LOB creation as createClob() method threw error : java.lang.reflect.InvocationTargetException
2015-10-03 20:29:14 INFO  ASTQueryTranslatorFactory:47 - HHH000397: Using ASTQueryTranslatorFactory
2015-10-03 20:29:16 INFO  LogHelper:46 - HHH000204: Processing PersistenceUnitInfo [
	name: default
	...]
2015-10-03 20:29:16 INFO  Dialect:145 - HHH000400: Using dialect: org.hibernate.dialect.PostgreSQL9Dialect
2015-10-03 20:29:16 INFO  LobCreatorBuilder:123 - HHH000424: Disabling contextual LOB creation as createClob() method threw error : java.lang.reflect.InvocationTargetException
2015-10-03 20:29:16 INFO  ASTQueryTranslatorFactory:47 - HHH000397: Using ASTQueryTranslatorFactory
2015-10-03 20:29:16 WARN  EntityManagerFactoryRegistry:80 - HHH000436: Entity manager factory name (default) is already registered.  If entity manager will be clustered or passivated, specify a unique value for property 'hibernate.ejb.entitymanager_factory_name'
2015-10-03 20:29:18 WARN  CardBookingServiceImpl:72 - Person with id - 1, try to remove booking with id - 3, without permission.
2015-10-03 20:29:18 INFO  CardBookingServiceImpl:78 - Person (id - 3) delete booking (id - 2)
2015-10-03 20:29:18 INFO  CardBookingServiceImpl:78 - Person (id - 1) delete booking (id - 2)
2015-10-03 20:29:18 INFO  CardBookingServiceImpl:55 - Discount card with id - 1, successfully booked by person with id - 2
